<?xml version="1.0" encoding="UTF-8"?>
<!-- Generated by org.testng.reporters.JUnitXMLReporter -->
<testsuite hostname="LAPTOP-2MJHC481" ignored="0" name="Default test" tests="3" failures="0" timestamp="28 Nov 2019 19:47:14 GMT" time="2.412" errors="0">
  <testcase name="Test1" time="2.138" classname="com.api.restcode.GetMultiUser"/>
  <testcase name="Test2" time="0.112" classname="com.api.restcode.GetMultiUser"/>
  <testcase name="Test3" time="0.136" classname="com.api.restcode.GetMultiUser"/>
</testsuite> <!-- Default test -->
